"../../../Engine/Content/Animation/DefaultRecorderBoneCompression.uasset" 0
"C:/Users/misha/Documents/Unreal Projects/DDproj/DD/Content/Mannequin/Character/Mesh/SK_Mannequin_Skeleton.uasset" 1
"C:/Users/misha/Documents/Unreal Projects/DDproj/DD/Content/DD/Core/Animations/APose.uasset" 2
"C:/Users/misha/Documents/Unreal Projects/DDproj/DD/Content/Mannequin/Animations/ThirdPersonJump_End.uasset" 3
"C:/Users/misha/Documents/Unreal Projects/DDproj/DD/Content/Mannequin/Animations/ThirdPersonJump_Loop.uasset" 4
"C:/Users/misha/Documents/Unreal Projects/DDproj/DD/Content/Mannequin/Animations/ThirdPersonJump_Start.uasset" 5
"C:/Users/misha/Documents/Unreal Projects/DDproj/DD/Content/Mannequin/Animations/ThirdPersonIdle.uasset" 6
"C:/Users/misha/Documents/Unreal Projects/DDproj/DD/Content/Mannequin/Animations/ThirdPersonRun.uasset" 7
"C:/Users/misha/Documents/Unreal Projects/DDproj/DD/Content/Mannequin/Animations/ThirdPersonWalk.uasset" 8
"C:/Users/misha/Documents/Unreal Projects/DDproj/DD/Content/Mannequin/Animations/ThirdPerson_IdleRun_2D.uasset" 9
"../../../Engine/Content/EditorBlueprintResources/StandardMacros.uasset" 10
"C:/Users/misha/Documents/Unreal Projects/DDproj/DD/Content/Mannequin/Animations/ThirdPerson_AnimBP.uasset" 11
"C:/Users/misha/Documents/Unreal Projects/DDproj/DD/Content/Mannequin/Character/Mesh/Stable_Sword_Outward_Slash.uasset" 12
"C:/Users/misha/Documents/Unreal Projects/DDproj/DD/Content/Mannequin/Character/Mesh/SwordPunch.uasset" 13
"C:/Users/misha/Documents/Unreal Projects/DDproj/DD/Content/DD/Core/Inventory/BPI_Interact.uasset" 14
"C:/Users/misha/Documents/Unreal Projects/DDproj/DD/Content/DD/Core/Animations/Punching__2_.uasset" 15
"C:/Users/misha/Documents/Unreal Projects/DDproj/DD/Content/DD/Core/Animations/Punch_Anim.uasset" 16
"C:/Users/misha/Documents/Unreal Projects/DDproj/DD/Content/DD/Core/AI/Enemy/CombatInterface.uasset" 17
"C:/Users/misha/Documents/Unreal Projects/DDproj/DD/Content/DD/Core/AI/Enemy/ChaseStatus.uasset" 18
"C:/Users/misha/Documents/Unreal Projects/DDproj/DD/Content/DD/Core/AI/Enemy/Enemy_BB.uasset" 19
"C:/Users/misha/Documents/Unreal Projects/DDproj/DD/Content/DD/Core/AI/Enemy/ChangeEnemySpeed.uasset" 20
"C:/Users/misha/Documents/Unreal Projects/DDproj/DD/Content/DD/Core/AI/Enemy/ChasePlayer.uasset" 21
"C:/Users/misha/Documents/Unreal Projects/DDproj/DD/Content/DD/Core/AI/Enemy/FindPlayer.uasset" 22
"C:/Users/misha/Documents/Unreal Projects/DDproj/DD/Content/DD/Core/AI/Enemy/FindRandomLocation.uasset" 23
"C:/Users/misha/Documents/Unreal Projects/DDproj/DD/Content/DD/Core/AI/Enemy/IsPlayerInRange.uasset" 24
"C:/Users/misha/Documents/Unreal Projects/DDproj/DD/Content/DD/Core/AI/Enemy/MeleeAtrack.uasset" 25
"C:/Users/misha/Documents/Unreal Projects/DDproj/DD/Content/DD/Core/AI/Enemy/Enemy_BT.uasset" 26
"C:/Users/misha/Documents/Unreal Projects/DDproj/DD/Content/DD/Core/AI/Enemy/Enemy_AI.uasset" 27
"C:/Users/misha/Documents/Unreal Projects/DDproj/DD/Content/DD/Core/Player/PlayerChars.uasset" 28
"C:/Users/misha/Documents/Unreal Projects/DDproj/DD/Content/DD/Core/Inventory/Thubnails/Default.uasset" 29
"C:/Users/misha/Documents/Unreal Projects/DDproj/DD/Content/DD/Core/Inventory/Item_Structure.uasset" 30
"C:/Users/misha/Documents/Unreal Projects/DDproj/DD/Content/DD/Core/Inventory/Weapons/hand.uasset" 31
"C:/Users/misha/Documents/Unreal Projects/DDproj/DD/Content/DD/Models/Dung/Red.uasset" 32
"C:/Users/misha/Documents/Unreal Projects/DDproj/DD/Content/DD/Core/AI/UI_Health.uasset" 33
"C:/Users/misha/Documents/Unreal Projects/DDproj/DD/Content/DD/Core/Minimap/icons/DefIcon.uasset" 34
"../../../Engine/Content/Functions/Engine_MaterialFunctions02/Utility/BlendAngleCorrectedNormals.uasset" 35
"../../../Engine/Content/Functions/MaterialLayerFunctions/MatLayerBlend_NormalBlend.uasset" 36
"../../../Engine/Content/Functions/MaterialLayerFunctions/MatLayerBlend_Simple.uasset" 37
"C:/Users/misha/Documents/Unreal Projects/DDproj/DD/Content/Mannequin/Character/Materials/MaterialLayers/T_ML_Rubber_Blue_01_D.uasset" 38
"C:/Users/misha/Documents/Unreal Projects/DDproj/DD/Content/Mannequin/Character/Materials/MaterialLayers/T_ML_Rubber_Blue_01_N.uasset" 39
"C:/Users/misha/Documents/Unreal Projects/DDproj/DD/Content/Mannequin/Character/Materials/MaterialLayers/ML_GlossyBlack_Latex_UE4.uasset" 40
"C:/Users/misha/Documents/Unreal Projects/DDproj/DD/Content/Mannequin/Character/Materials/MaterialLayers/ML_Plastic_Shiny_Beige.uasset" 41
"C:/Users/misha/Documents/Unreal Projects/DDproj/DD/Content/Mannequin/Character/Textures/UE4_LOGO_CARD.uasset" 42
"C:/Users/misha/Documents/Unreal Projects/DDproj/DD/Content/Mannequin/Character/Materials/MaterialLayers/ML_Plastic_Shiny_Beige_LOGO.uasset" 43
"C:/Users/misha/Documents/Unreal Projects/DDproj/DD/Content/Mannequin/Character/Materials/MaterialLayers/T_ML_Aluminum01.uasset" 44
"C:/Users/misha/Documents/Unreal Projects/DDproj/DD/Content/Mannequin/Character/Materials/MaterialLayers/T_ML_Aluminum01_N.uasset" 45
"C:/Users/misha/Documents/Unreal Projects/DDproj/DD/Content/Mannequin/Character/Materials/MaterialLayers/ML_SoftMetal_UE4.uasset" 46
"C:/Users/misha/Documents/Unreal Projects/DDproj/DD/Content/Mannequin/Character/Textures/T_UE4_Mannequin_Mobile_M.uasset" 47
"C:/Users/misha/Documents/Unreal Projects/DDproj/DD/Content/Mannequin/Character/Textures/T_UE4_Mannequin_Mobile_N.uasset" 48
"C:/Users/misha/Documents/Unreal Projects/DDproj/DD/Content/Mannequin/Character/Materials/M_UE4Man_Body.uasset" 49
"C:/Users/misha/Documents/Unreal Projects/DDproj/DD/Content/Mannequin/Character/Textures/UE4Man_Logo_N.uasset" 50
"C:/Users/misha/Documents/Unreal Projects/DDproj/DD/Content/Mannequin/Character/Materials/M_UE4Man_ChestLogo.uasset" 51
"C:/Users/misha/Documents/Unreal Projects/DDproj/DD/Content/Mannequin/Character/Mesh/SK_Mannequin.uasset" 52
"C:/Users/misha/Documents/Unreal Projects/DDproj/DD/Content/DD/Core/AI/Enemy/BP_EnemyBase.uasset" 53
"C:/Users/misha/Documents/Unreal Projects/DDproj/DD/Content/Geometry/Meshes/CubeMaterial.uasset" 54
"C:/Users/misha/Documents/Unreal Projects/DDproj/DD/Content/Geometry/Meshes/1M_Cube.uasset" 55
"C:/Users/misha/Documents/Unreal Projects/DDproj/DD/Content/DD/Core/Inventory/Items/Item.uasset" 56
"C:/Users/misha/Documents/Unreal Projects/DDproj/DD/Content/DD/Core/Inventory/Thubnails/1potion.uasset" 57
"C:/Users/misha/Documents/Unreal Projects/DDproj/DD/Content/DD/Core/Sounds/GetItemSound.uasset" 58
"C:/Users/misha/Documents/Unreal Projects/DDproj/DD/Content/DD/Core/Sounds/GetItem.uasset" 59
"C:/Users/misha/Documents/Unreal Projects/DDproj/DD/Content/DD/Models/Dung/Blue.uasset" 60
"C:/Users/misha/Documents/Unreal Projects/DDproj/DD/Content/DD/Models/Dung/Cork.uasset" 61
"C:/Users/misha/Documents/Unreal Projects/DDproj/DD/Content/DD/Models/Dung/Gold.uasset" 62
"C:/Users/misha/Documents/Unreal Projects/DDproj/DD/Content/DD/Models/Dung/Potion_Potion.uasset" 63
"C:/Users/misha/Documents/Unreal Projects/DDproj/DD/Content/DD/Core/Inventory/Items/Potion_1.uasset" 64
"C:/Users/misha/Documents/Unreal Projects/DDproj/DD/Content/MobileStarterContent/Audio/Fire01.uasset" 65
"C:/Users/misha/Documents/Unreal Projects/DDproj/DD/Content/MobileStarterContent/Audio/Fire01_Cue.uasset" 66
"C:/Users/misha/Documents/Unreal Projects/DDproj/DD/Content/MobileStarterContent/Textures/T_Fire_SubUV.uasset" 67
"C:/Users/misha/Documents/Unreal Projects/DDproj/DD/Content/MobileStarterContent/Textures/T_Fire_Tiled_D.uasset" 68
"C:/Users/misha/Documents/Unreal Projects/DDproj/DD/Content/MobileStarterContent/Particles/Materials/M_Fire_SubUV.uasset" 69
"../../../Engine/Content/Functions/Engine_MaterialFunctions01/Gradient/RadialGradient.uasset" 70
"C:/Users/misha/Documents/Unreal Projects/DDproj/DD/Content/MobileStarterContent/Particles/Materials/M_Radial_Gradient.uasset" 71
"C:/Users/misha/Documents/Unreal Projects/DDproj/DD/Content/MobileStarterContent/Textures/T_Smoke_SubUV.uasset" 72
"C:/Users/misha/Documents/Unreal Projects/DDproj/DD/Content/MobileStarterContent/Textures/T_Smoke_Tiled_D.uasset" 73
"C:/Users/misha/Documents/Unreal Projects/DDproj/DD/Content/MobileStarterContent/Particles/Materials/M_smoke_subUV.uasset" 74
"C:/Users/misha/Documents/Unreal Projects/DDproj/DD/Content/MobileStarterContent/Particles/P_Fire.uasset" 75
"C:/Users/misha/Documents/Unreal Projects/DDproj/DD/Content/MobileStarterContent/Particles/P_Smoke.uasset" 76
"C:/Users/misha/Documents/Unreal Projects/DDproj/DD/Content/DD/Core/ProceduralDung/BP_Tiles/parts/FireBulp.uasset" 77
"C:/Users/misha/Documents/Unreal Projects/DDproj/DD/Content/DD/Core/Inventory/Thubnails/2potion.uasset" 78
"C:/Users/misha/Documents/Unreal Projects/DDproj/DD/Content/DD/Models/Dung/Grey.uasset" 79
"C:/Users/misha/Documents/Unreal Projects/DDproj/DD/Content/MobileStarterContent/Materials/M_Glass.uasset" 80
"C:/Users/misha/Documents/Unreal Projects/DDproj/DD/Content/DD/Models/Dung/Potion2_Potion2.uasset" 81
"C:/Users/misha/Documents/Unreal Projects/DDproj/DD/Content/DD/Core/Inventory/Items/Potion_2.uasset" 82
"C:/Users/misha/Documents/Unreal Projects/DDproj/DD/Content/DD/Core/Inventory/Thubnails/3potion.uasset" 83
"C:/Users/misha/Documents/Unreal Projects/DDproj/DD/Content/DD/Models/Dung/Ice.uasset" 84
"C:/Users/misha/Documents/Unreal Projects/DDproj/DD/Content/DD/Models/Dung/Potion3_Potion3.uasset" 85
"C:/Users/misha/Documents/Unreal Projects/DDproj/DD/Content/DD/Core/Inventory/Items/Potion_3.uasset" 86
"C:/Users/misha/Documents/Unreal Projects/DDproj/DD/Content/DD/Core/Inventory/Thubnails/4potion.uasset" 87
"C:/Users/misha/Documents/Unreal Projects/DDproj/DD/Content/DD/Models/Dung/Glass.uasset" 88
"C:/Users/misha/Documents/Unreal Projects/DDproj/DD/Content/DD/Models/Dung/Liquid.uasset" 89
"C:/Users/misha/Documents/Unreal Projects/DDproj/DD/Content/DD/Models/Dung/Potion4_Potion4.uasset" 90
"C:/Users/misha/Documents/Unreal Projects/DDproj/DD/Content/DD/Core/Inventory/Items/Potion_4.uasset" 91
"C:/Users/misha/Documents/Unreal Projects/DDproj/DD/Content/DD/Core/Inventory/Thubnails/5potion.uasset" 92
"C:/Users/misha/Documents/Unreal Projects/DDproj/DD/Content/DD/Models/Dung/Potion5_Potion5.uasset" 93
"C:/Users/misha/Documents/Unreal Projects/DDproj/DD/Content/DD/Core/Inventory/Items/Potion_5.uasset" 94
"C:/Users/misha/Documents/Unreal Projects/DDproj/DD/Content/DD/Core/Inventory/Thubnails/6potion.uasset" 95
"C:/Users/misha/Documents/Unreal Projects/DDproj/DD/Content/DD/Models/Dung/Yellow.uasset" 96
"C:/Users/misha/Documents/Unreal Projects/DDproj/DD/Content/DD/Models/Dung/Potion6_Potion6.uasset" 97
"C:/Users/misha/Documents/Unreal Projects/DDproj/DD/Content/DD/Core/Inventory/Items/Potion_6.uasset" 98
"C:/Users/misha/Documents/Unreal Projects/DDproj/DD/Content/ChestBot.uasset" 99
"C:/Users/misha/Documents/Unreal Projects/DDproj/DD/Content/DD/Core/Inventory/CrateItemStruct.uasset" 100
"C:/Users/misha/Documents/Unreal Projects/DDproj/DD/Content/DD/Models/Ini/DarkWood.uasset" 101
"C:/Users/misha/Documents/Unreal Projects/DDproj/DD/Content/DD/Models/Ini/Metal.uasset" 102
"C:/Users/misha/Documents/Unreal Projects/DDproj/DD/Content/DD/Models/Ini/Wood.uasset" 103
"C:/Users/misha/Documents/Unreal Projects/DDproj/DD/Content/DD/Models/Ini/Chest_Chest_Base.uasset" 104
"C:/Users/misha/Documents/Unreal Projects/DDproj/DD/Content/DD/Models/Ini/Chest_Chest_Top.uasset" 105
"C:/Users/misha/Documents/Unreal Projects/DDproj/DD/Content/DD/Core/Inventory/BackpackContainer.uasset" 106
"C:/Users/misha/Documents/Unreal Projects/DDproj/DD/Content/DD/Core/Menu/BI_Levels.uasset" 107
"C:/Users/misha/Documents/Unreal Projects/DDproj/DD/Content/DD/Core/ProceduralDung/Tiles/TileStructure.uasset" 108
"C:/Users/misha/Documents/Unreal Projects/DDproj/DD/Content/DD/Core/Savings/SaveData.uasset" 109
"C:/Users/misha/Documents/Unreal Projects/DDproj/DD/Content/DD/Core/Player/GI_Base.uasset" 110
"C:/Users/misha/Documents/Unreal Projects/DDproj/DD/Content/DD/Core/Player/BP_CameraManager.uasset" 111
"C:/Users/misha/Documents/Unreal Projects/DDproj/DD/Content/DD/Core/Minimap/Minimap_Render_Target.uasset" 112
"C:/Users/misha/Documents/Unreal Projects/DDproj/DD/Content/DD/Core/Minimap/Minimap_Render_Target_Mat.uasset" 113
"C:/Users/misha/Documents/Unreal Projects/DDproj/DD/Content/DD/Core/UI/shum.uasset" 114
"C:/Users/misha/Documents/Unreal Projects/DDproj/DD/Content/DD/Core/UI/FadeHealth.uasset" 115
"C:/Users/misha/Documents/Unreal Projects/DDproj/DD/Content/DD/Core/Inventory/InventoryUI/HUD.uasset" 116
"C:/Users/misha/Documents/Unreal Projects/DDproj/DD/Content/DD/Core/Player/PC_Base.uasset" 117
"../../../Engine/Content/BasicShapes/BasicShapeMaterial.uasset" 118
"C:/Users/misha/Documents/Unreal Projects/DDproj/DD/Content/DD/Core/UI/Fog/FogMat.uasset" 119
"../../../Engine/Content/Functions/Engine_MaterialFunctions01/Opacity/CameraDepthFade.uasset" 120
"../../../Engine/Content/EngineMaterials/T_Default_Material_Grid_M.uasset" 121
"../../../Engine/Content/EngineMaterials/T_Default_Material_Grid_N.uasset" 122
"../../../Engine/Content/EngineMaterials/DefaultMaterial.uasset" 123
"../../../Engine/Content/BasicShapes/Cone.uasset" 124
"C:/Users/misha/Documents/Unreal Projects/DDproj/DD/Content/DD/Core/Inventory/InventoryUI/Tooltip.uasset" 125
"C:/Users/misha/Documents/Unreal Projects/DDproj/DD/Content/DD/Core/Menu/Options.uasset" 126
"C:/Users/misha/Documents/Unreal Projects/DDproj/DD/Content/DD/Core/Menu/UI_Menu.uasset" 127
"C:/Users/misha/Documents/Unreal Projects/DDproj/DD/Content/DD/Core/Minimap/Map_RT.uasset" 128
"C:/Users/misha/Documents/Unreal Projects/DDproj/DD/Content/DD/Core/Minimap/Map_RT_Mat.uasset" 129
"C:/Users/misha/Documents/Unreal Projects/DDproj/DD/Content/DD/Core/Minimap/UI_Minimap.uasset" 130
"C:/Users/misha/Documents/Unreal Projects/DDproj/DD/Content/Mannequin/Character/Mesh/SK_Mannequin_PhysicsAsset.uasset" 131
"C:/Users/misha/Documents/Unreal Projects/DDproj/DD/Content/DD/Core/Player/BP_Player.uasset" 132
"C:/Users/misha/Documents/Unreal Projects/DDproj/DD/Content/DD/Core/Player/GS_Base.uasset" 133
"C:/Users/misha/Documents/Unreal Projects/DDproj/DD/Content/DD/Core/Player/GM_Base.uasset" 134
"C:/Users/misha/Documents/Unreal Projects/DDproj/DD/Content/DD/Core/GM_Base.uasset" 135
"C:/Users/misha/Documents/Unreal Projects/DDproj/DD/Content/DD/Core/AI/Enemy/ChangeStatus.uasset" 136
"C:/Users/misha/Documents/Unreal Projects/DDproj/DD/Content/DD/Core/AI/Paths/BP_PatrolPath.uasset" 137
"C:/Users/misha/Documents/Unreal Projects/DDproj/DD/Content/DD/Core/Animations/MmentPlayer.uasset" 138
"C:/Users/misha/Documents/Unreal Projects/DDproj/DD/Content/DD/Models/Dung/Black.uasset" 139
"C:/Users/misha/Documents/Unreal Projects/DDproj/DD/Content/DD/Models/Dung/Candle.uasset" 140
"C:/Users/misha/Documents/Unreal Projects/DDproj/DD/Content/DD/Models/Dung/Candelabrum_tall.uasset" 141
"C:/Users/misha/Documents/Unreal Projects/DDproj/DD/Content/DD/Core/BPS/Candelarium.uasset" 142
"C:/Users/misha/Documents/Unreal Projects/DDproj/DD/Content/DD/Models/Dung/DarkSteel.uasset" 143
"C:/Users/misha/Documents/Unreal Projects/DDproj/DD/Content/DD/Models/Dung/Fire.uasset" 144
"C:/Users/misha/Documents/Unreal Projects/DDproj/DD/Content/DD/Models/Dung/Wood.uasset" 145
"C:/Users/misha/Documents/Unreal Projects/DDproj/DD/Content/DD/Models/Dung/Torch_wall_Torch.uasset" 146
"C:/Users/misha/Documents/Unreal Projects/DDproj/DD/Content/DD/Core/BPS/Torch.uasset" 147
"C:/Users/misha/Documents/Unreal Projects/DDproj/DD/Content/DD/Core/Inventory/Path.uasset" 148
"C:/Users/misha/Documents/Unreal Projects/DDproj/DD/Content/DD/Core/Inventory/Cart.uasset" 149
"C:/Users/misha/Documents/Unreal Projects/DDproj/DD/Content/DD/Core/Inventory/Cont.uasset" 150
"C:/Users/misha/Documents/Unreal Projects/DDproj/DD/Content/DD/Core/Inventory/Items/pickUpAct.uasset" 151
"C:/Users/misha/Documents/Unreal Projects/DDproj/DD/Content/DD/Core/Inventory/pickUpAct.uasset" 152
"C:/Users/misha/Documents/Unreal Projects/DDproj/DD/Content/DD/Core/Inventory/SlotStructure.uasset" 153
"C:/Users/misha/Documents/Unreal Projects/DDproj/DD/Content/DD/Core/Inventory/InventoryUI/Pic/Outline.uasset" 154
"C:/Users/misha/Documents/Unreal Projects/DDproj/DD/Content/DD/Core/Inventory/Thubnails/Bag_Coins.uasset" 155
"C:/Users/misha/Documents/Unreal Projects/DDproj/DD/Content/DD/Models/Ini/Bag.uasset" 156
"C:/Users/misha/Documents/Unreal Projects/DDproj/DD/Content/DD/Models/Ini/Gold.uasset" 157
"C:/Users/misha/Documents/Unreal Projects/DDproj/DD/Content/DD/Models/Ini/Bag_Coins.uasset" 158
"C:/Users/misha/Documents/Unreal Projects/DDproj/DD/Content/DD/Core/Inventory/Items/MoneyBag.uasset" 159
"C:/Users/misha/Documents/Unreal Projects/DDproj/DD/Content/DD/Core/Inventory/Weapons/Material.uasset" 160
"C:/Users/misha/Documents/Unreal Projects/DDproj/DD/Content/DD/Core/Menu/Finish.uasset" 161
"C:/Users/misha/Documents/Unreal Projects/DDproj/DD/Content/DD/Core/Minimap/icons/iconka.uasset" 162
"../../Plugins/2D/Paper2D/Content/PlaceholderTextures/DummySpriteTexture.uasset" 163
"../../Plugins/2D/Paper2D/Content/DefaultSpriteMaterial.uasset" 164
"../../Plugins/2D/Paper2D/Content/TranslucentUnlitSpriteMaterial.uasset" 165
"C:/Users/misha/Documents/Unreal Projects/DDproj/DD/Content/DD/Core/Minimap/icons/iconka_Sprite1.uasset" 166
"C:/Users/misha/Documents/Unreal Projects/DDproj/DD/Content/RandomizedDungeons/chars/Armor.uasset" 167
"C:/Users/misha/Documents/Unreal Projects/DDproj/DD/Content/RandomizedDungeons/chars/DarkGreen.uasset" 168
"C:/Users/misha/Documents/Unreal Projects/DDproj/DD/Content/DD/Core/ProceduralDung/DungeonGen.uasset" 169
"../../../Engine/Content/Functions/Engine_MaterialFunctions01/Opacity/AlphaOffset.uasset" 170
"C:/Users/misha/Documents/Unreal Projects/DDproj/DD/Content/DD/Core/ProceduralDung/BP_Tiles/materials/DarkMetal.uasset" 171
"C:/Users/misha/Documents/Unreal Projects/DDproj/DD/Content/DD/Core/ProceduralDung/BP_Tiles/materials/Metal.uasset" 172
"C:/Users/misha/Documents/Unreal Projects/DDproj/DD/Content/DD/Core/ProceduralDung/BP_Tiles/BPI_Tiles.uasset" 173
"C:/Users/misha/Documents/Unreal Projects/DDproj/DD/Content/DD/Models/Ini/Ceramic.uasset" 174
"../../../Engine/Content/EngineMaterials/WorldGridMaterial.uasset" 175
"../../../Engine/Content/BasicShapes/Plane.uasset" 176
"C:/Users/misha/Documents/Unreal Projects/DDproj/DD/Content/DD/Core/ProceduralDung/ForTest/Base.uasset" 177
"C:/Users/misha/Documents/Unreal Projects/DDproj/DD/Content/DD/Core/ProceduralDung/Materialss/Rock.uasset" 178
"C:/Users/misha/Documents/Unreal Projects/DDproj/DD/Content/DD/Core/ProceduralDung/Materialss/RockLight.uasset" 179
"C:/Users/misha/Documents/Unreal Projects/DDproj/DD/Content/DD/Core/ProceduralDung/Tiles/DungeonEmpty.uasset" 180
"C:/Users/misha/Documents/Unreal Projects/DDproj/DD/Content/DD/Core/ProceduralDung/Tiles/DungeonT_Cross.uasset" 181
"C:/Users/misha/Documents/Unreal Projects/DDproj/DD/Content/DD/Models/Dung/Steel.uasset" 182
"C:/Users/misha/Documents/Unreal Projects/DDproj/DD/Content/DD/Core/ProceduralDung/Tiles/Dungeon_Corner.uasset" 183
"C:/Users/misha/Documents/Unreal Projects/DDproj/DD/Content/DD/Core/ProceduralDung/Tiles/Tile_Enum.uasset" 184
"C:/Users/misha/Documents/Unreal Projects/DDproj/DD/Content/DD/Models/Ini/Floor_1/Stylized_Rock_03_ao.uasset" 185
"C:/Users/misha/Documents/Unreal Projects/DDproj/DD/Content/DD/Models/Ini/Floor_1/Stylized_Rock_03_basecolor.uasset" 186
"C:/Users/misha/Documents/Unreal Projects/DDproj/DD/Content/DD/Models/Ini/Floor_1/Stylized_Rock_03_normal.uasset" 187
"C:/Users/misha/Documents/Unreal Projects/DDproj/DD/Content/DD/Models/Ini/Floor_1/Stylized_Rock_03_roughness.uasset" 188
"C:/Users/misha/Documents/Unreal Projects/DDproj/DD/Content/DD/Models/Ini/Floor_1/Material.uasset" 189
"C:/Users/misha/Documents/Unreal Projects/DDproj/DD/Content/DD/Models/Ini/Floor_1/Floor_1.uasset" 190
"C:/Users/misha/Documents/Unreal Projects/DDproj/DD/Content/DD/Core/ProceduralDung/BP_Tiles/BP_TileBase.uasset" 191
"C:/Users/misha/Documents/Unreal Projects/DDproj/DD/Content/DD/Models/Ini/Wall_Dark.uasset" 192
"C:/Users/misha/Documents/Unreal Projects/DDproj/DD/Content/DD/Models/Ini/Wall_Highlights.uasset" 193
"C:/Users/misha/Documents/Unreal Projects/DDproj/DD/Content/DD/Models/Ini/Wall_Medium.uasset" 194
"C:/Users/misha/Documents/Unreal Projects/DDproj/DD/Content/DD/Models/Ini/Arch.uasset" 195
"C:/Users/misha/Documents/Unreal Projects/DDproj/DD/Content/DD/Models/Ini/Iron.uasset" 196
"C:/Users/misha/Documents/Unreal Projects/DDproj/DD/Content/DD/Models/Ini/Arch_bars.uasset" 197
"C:/Users/misha/Documents/Unreal Projects/DDproj/DD/Content/DD/Core/ProceduralDung/BP_Tiles/parts/BP_ArcDoor.uasset" 198
"C:/Users/misha/Documents/Unreal Projects/DDproj/DD/Content/DD/Models/Ini/Wall_1/Brick_Wall_ao.uasset" 199
"C:/Users/misha/Documents/Unreal Projects/DDproj/DD/Content/DD/Models/Ini/Wall_1/Brick_Wall_basecolor.uasset" 200
"C:/Users/misha/Documents/Unreal Projects/DDproj/DD/Content/DD/Models/Ini/Wall_1/Brick_Wall_height.uasset" 201
"C:/Users/misha/Documents/Unreal Projects/DDproj/DD/Content/DD/Models/Ini/Wall_1/Brick_Wall_normal.uasset" 202
"C:/Users/misha/Documents/Unreal Projects/DDproj/DD/Content/DD/Models/Ini/Wall_1/Brick_Wall_roughness.uasset" 203
"C:/Users/misha/Documents/Unreal Projects/DDproj/DD/Content/DD/Models/Ini/Wall_1/Material.uasset" 204
"C:/Users/misha/Documents/Unreal Projects/DDproj/DD/Content/DD/Models/Ini/Wall_1/Wall_1.uasset" 205
"C:/Users/misha/Documents/Unreal Projects/DDproj/DD/Content/DD/Core/ProceduralDung/BP_Tiles/BP_DoorTile.uasset" 206
"C:/Users/misha/Documents/Unreal Projects/DDproj/DD/Content/DD/Core/ProceduralDung/BP_Tiles/BP_EnemySpawnTile.uasset" 207
"C:/Users/misha/Documents/Unreal Projects/DDproj/DD/Content/DD/Core/ProceduralDung/BP_Tiles/parts/Fakewall.uasset" 208
"C:/Users/misha/Documents/Unreal Projects/DDproj/DD/Content/DD/Core/ProceduralDung/BP_Tiles/BP_FakewallTile.uasset" 209
"C:/Users/misha/Documents/Unreal Projects/DDproj/DD/Content/DD/Core/Inventory/ChestContainer.uasset" 210
"C:/Users/misha/Documents/Unreal Projects/DDproj/DD/Content/RandomizedDungeons/chars/Band.uasset" 211
"C:/Users/misha/Documents/Unreal Projects/DDproj/DD/Content/DD/Core/ProceduralDung/BP_Tiles/BP_ItemTile.uasset" 212
"C:/Users/misha/Documents/Unreal Projects/DDproj/DD/Content/RandomizedDungeons/chars/White.uasset" 213
"C:/Users/misha/Documents/Unreal Projects/DDproj/DD/Content/DD/Models/Ini/DarkMetal.uasset" 214
"C:/Users/misha/Documents/Unreal Projects/DDproj/DD/Content/DD/Models/Ini/Main.uasset" 215
"C:/Users/misha/Documents/Unreal Projects/DDproj/DD/Content/DD/Models/Ini/Banner.uasset" 216
"C:/Users/misha/Documents/Unreal Projects/DDproj/DD/Content/DD/Core/ProceduralDung/BP_Tiles/BP_RestartTile.uasset" 217
"C:/Users/misha/Documents/Unreal Projects/DDproj/DD/Content/DD/Core/Inventory/Thubnails/smallsword.uasset" 218
"C:/Users/misha/Documents/Unreal Projects/DDproj/DD/Content/DD/Core/Inventory/Weapons/Metal.uasset" 219
"C:/Users/misha/Documents/Unreal Projects/DDproj/DD/Content/DD/Core/Inventory/Weapons/sword.uasset" 220
"C:/Users/misha/Documents/Unreal Projects/DDproj/DD/Content/DD/Core/Inventory/Weapons/SmallSword.uasset" 221
"C:/Users/misha/Documents/Unreal Projects/DDproj/DD/Content/DD/Models/Ini/Trapdoor_open_Trapdoor_open.uasset" 222
"C:/Users/misha/Documents/Unreal Projects/DDproj/DD/Content/DD/Core/ProceduralDung/BP_Tiles/BP_SpawnTile.uasset" 223
"C:/Users/misha/Documents/Unreal Projects/DDproj/DD/Content/DD/Core/Sounds/SpikeTrap.uasset" 224
"C:/Users/misha/Documents/Unreal Projects/DDproj/DD/Content/DD/Models/Ini/Spikes_Spikes.uasset" 225
"C:/Users/misha/Documents/Unreal Projects/DDproj/DD/Content/DD/Models/Ini/Trap_empty_Trap_empty.uasset" 226
"C:/Users/misha/Documents/Unreal Projects/DDproj/DD/Content/DD/Core/ProceduralDung/BP_Tiles/parts/Trap.uasset" 227
"C:/Users/misha/Documents/Unreal Projects/DDproj/DD/Content/DD/Core/ProceduralDung/BP_Tiles/BP_TrapTile.uasset" 228
"C:/Users/misha/Documents/Unreal Projects/DDproj/DD/Content/DD/Core/ProceduralDung/BP_Tiles/parts/walltorch.uasset" 229
"C:/Users/misha/Documents/Unreal Projects/DDproj/DD/Content/RandomizedDungeons/chars/Black.uasset" 230
"C:/Users/misha/Documents/Unreal Projects/DDproj/DD/Content/DD/Core/ProceduralDung/BP_Tiles/BP_Wall.uasset" 231
"C:/Users/misha/Documents/Unreal Projects/DDproj/DD/Content/DD/Models/Dung/Rock.uasset" 232
"C:/Users/misha/Documents/Unreal Projects/DDproj/DD/Content/RandomizedDungeons/chars/Beige.uasset" 233
"C:/Users/misha/Documents/Unreal Projects/DDproj/DD/Content/RandomizedDungeons/chars/Pink.uasset" 234
"C:/Users/misha/Documents/Unreal Projects/DDproj/DD/Content/DD/Core/ProceduralDung/ProceduralAct1_Auto1.uasset" 235
"C:/Users/misha/Documents/Unreal Projects/DDproj/DD/Content/DD/Core/Savings/LevelStructure.uasset" 236
"C:/Users/misha/Documents/Unreal Projects/DDproj/DD/Content/DD/Core/Savings/Tut.uasset" 237
"C:/Users/misha/Documents/Unreal Projects/DDproj/DD/Content/DD/Core/Sounds/CantGet.uasset" 238
"C:/Users/misha/Documents/Unreal Projects/DDproj/DD/Content/DD/Core/Sounds/Flight.uasset" 239
"C:/Users/misha/Documents/Unreal Projects/DDproj/DD/Content/DD/Core/Sounds/LostItem.uasset" 240
"C:/Users/misha/Documents/Unreal Projects/DDproj/DD/Content/DD/Core/Sounds/Mysterious1.uasset" 241
"C:/Users/misha/Documents/Unreal Projects/DDproj/DD/Content/DD/Core/Sounds/Mysterious2.uasset" 242
"C:/Users/misha/Documents/Unreal Projects/DDproj/DD/Content/DD/Core/Sounds/Scary.uasset" 243
"C:/Users/misha/Documents/Unreal Projects/DDproj/DD/Content/DD/Core/Sounds/Secret.uasset" 244
"C:/Users/misha/Documents/Unreal Projects/DDproj/DD/Content/DD/Core/Sounds/Sound.uasset" 245
"C:/Users/misha/Documents/Unreal Projects/DDproj/DD/Content/DD/Models/Dung/Blue_potion_Plane_004.uasset" 246
"C:/Users/misha/Documents/Unreal Projects/DDproj/DD/Content/DD/Models/Dung/Blue_potion_Plane_005.uasset" 247
"C:/Users/misha/Documents/Unreal Projects/DDproj/DD/Content/DD/Models/Dung/Potion_001.uasset" 248
"C:/Users/misha/Documents/Unreal Projects/DDproj/DD/Content/DD/Models/Dung/Blue_potion_Plane_006.uasset" 249
"C:/Users/misha/Documents/Unreal Projects/DDproj/DD/Content/DD/Models/Dung/Green_potion_Sphere.uasset" 250
"C:/Users/misha/Documents/Unreal Projects/DDproj/DD/Content/DD/Models/Dung/Green_potion_Sphere_001.uasset" 251
"C:/Users/misha/Documents/Unreal Projects/DDproj/DD/Content/DD/Models/Dung/Potion_002.uasset" 252
"C:/Users/misha/Documents/Unreal Projects/DDproj/DD/Content/DD/Models/Dung/Green_potion_Sphere_002.uasset" 253
"C:/Users/misha/Documents/Unreal Projects/DDproj/DD/Content/DD/Models/Dung/Red_potion_Plane.uasset" 254
"C:/Users/misha/Documents/Unreal Projects/DDproj/DD/Content/DD/Models/Dung/Potion.uasset" 255
"C:/Users/misha/Documents/Unreal Projects/DDproj/DD/Content/DD/Models/Dung/Red_potion_Plane_001.uasset" 256
"C:/Users/misha/Documents/Unreal Projects/DDproj/DD/Content/DD/Models/Dung/Red_potion_Plane_002.uasset" 257
"C:/Users/misha/Documents/Unreal Projects/DDproj/DD/Content/DD/Models/Ini/Statue.uasset" 258
"C:/Users/misha/Documents/Unreal Projects/DDproj/DD/Content/DD/Models/Ini/Floor_Modular_Floor_Modular.uasset" 259
"C:/Users/misha/Documents/Unreal Projects/DDproj/DD/Content/DD/Models/Ini/Floor_1/Stylized_Rock_03_height.uasset" 260
"C:/Users/misha/Documents/Unreal Projects/DDproj/DD/Content/Mannequin/Character/Mesh/UE4_Mannequin_Skeleton.uasset" 261
"C:/Users/misha/Documents/Unreal Projects/DDproj/DD/Content/Mannequin/Animations/ThirdPerson_Jump.uasset" 262
"C:/Users/misha/Documents/Unreal Projects/DDproj/DD/Content/Mannequin/Character/Textures/UE4_Mannequin_MAT_MASKA.uasset" 263
"C:/Users/misha/Documents/Unreal Projects/DDproj/DD/Content/Mannequin/Character/Textures/UE4_Mannequin__normals.uasset" 264
"C:/Users/misha/Documents/Unreal Projects/DDproj/DD/Content/ThirdPersonBP/ThirdPersonOverview.uasset" 265
"C:/Users/misha/Documents/Unreal Projects/DDproj/DD/Content/ThirdPersonBP/Blueprints/ThirdPersonCharacter.uasset" 266
"C:/Users/misha/Documents/Unreal Projects/DDproj/DD/Content/ThirdPersonBP/Blueprints/ThirdPersonGameMode.uasset" 267
"../../../Engine/Content/Animation/DefaultAnimBoneCompressionSettings.uasset" 268
"../../../Engine/Content/Animation/DefaultAnimCurveCompressionSettings.uasset" 269
"../../../Engine/Content/ArtTools/RenderToTexture/Meshes/S_1_Unit_Plane.uasset" 270
"../../../Engine/Content/BasicShapes/Cylinder.uasset" 271
"../../../Engine/Content/BasicShapes/Sphere.uasset" 272
"../../../Engine/Content/EditorLandscapeResources/DataLayer.uasset" 273
"../../../Engine/Content/EditorMaterials/MAT_Groups_Toggle.uasset" 274
"../../../Engine/Content/EditorMaterials/MAT_Groups_Visibility.uasset" 275
"../../../Engine/Content/EditorMaterials/PreviewShadowIndicator.uasset" 276
"../../../Engine/Content/EditorMaterials/PreviewShadowIndicatorMaterial.uasset" 277
"../../../Engine/Content/EditorMaterials/MatineeGroups/MAT_ColorTrack.uasset" 278
"../../../Engine/Content/EditorMaterials/MatineeGroups/MAT_Groups_Anim.uasset" 279
"../../../Engine/Content/EditorMaterials/MatineeGroups/MAT_Groups_AudioMaster.uasset" 280
"../../../Engine/Content/EditorMaterials/MatineeGroups/MAT_Groups_Director.uasset" 281
"../../../Engine/Content/EditorMaterials/MatineeGroups/MAT_Groups_Event.uasset" 282
"../../../Engine/Content/EditorMaterials/MatineeGroups/MAT_Groups_Fade.uasset" 283
"../../../Engine/Content/EditorMaterials/MatineeGroups/MAT_Groups_Float.uasset" 284
"../../../Engine/Content/EditorMaterials/MatineeGroups/MAT_Groups_Move.uasset" 285
"../../../Engine/Content/EditorMaterials/MatineeGroups/MAT_Groups_Slomo.uasset" 286
"../../../Engine/Content/EditorMaterials/MatineeGroups/MAT_Groups_Sound.uasset" 287
"../../../Engine/Content/EditorMaterials/MatineeGroups/MAT_Groups_Vector.uasset" 288
"../../../Engine/Content/EditorMaterials/ParticleSystems/PSysThumbnail_NoImage.uasset" 289
"../../../Engine/Content/EditorMaterials/ParticleSystems/PSysThumbnail_OOD.uasset" 290
"../../../Engine/Content/EditorMaterials/Camera/CineMat.uasset" 291
"../../../Engine/Content/EditorMaterials/Camera/MI_CineMat_Rig.uasset" 292
"../../../Engine/Content/EditorMeshes/Camera/SM_CraneRig_Arm.uasset" 293
"../../../Engine/Content/EditorMeshes/Camera/SM_CraneRig_Base.uasset" 294
"../../../Engine/Content/EditorMeshes/Camera/SM_CraneRig_Body.uasset" 295
"../../../Engine/Content/EditorMeshes/Camera/SM_CraneRig_Mount.uasset" 296
"../../../Engine/Content/EditorMeshes/Camera/SM_RailRig_Mount.uasset" 297
"../../../Engine/Content/EditorMeshes/Camera/SM_RailRig_Track.uasset" 298
"../../../Engine/Content/EditorResources/BSPVertex.uasset" 299
"../../../Engine/Content/EditorResources/EmptyActor.uasset" 300
"../../../Engine/Content/EditorResources/S_Actor.uasset" 301
"../../../Engine/Content/EditorResources/S_Note.uasset" 302
"../../../Engine/Content/EditorResources/S_Solver.uasset" 303
"../../../Engine/Content/EditorResources/S_Trigger.uasset" 304
"../../../Engine/Content/EditorResources/LightIcons/S_LightError.uasset" 305
"../../../Engine/Content/EditorResources/SequenceRecorder/Countdown.uasset" 306
"../../../Engine/Content/EditorResources/SequenceRecorder/RecordingIndicator.uasset" 307
"../../../Engine/Content/EditorSounds/Notifications/CompileFailed.uasset" 308
"../../../Engine/Content/EditorSounds/Notifications/CompileFailed_Cue.uasset" 309
"../../../Engine/Content/EditorSounds/Notifications/CompileSuccess.uasset" 310
"../../../Engine/Content/EditorSounds/Notifications/CompileStart_Cue.uasset" 311
"../../../Engine/Content/EditorSounds/Notifications/CompileSuccess_Cue.uasset" 312
"../../../Engine/Content/EngineDamageTypes/DmgTypeBP_Environmental.uasset" 313
"../../../Engine/Content/EngineDebugMaterials/DebugEditorMaterial.uasset" 314
"../../../Engine/Content/EngineDebugMaterials/DebugMeshMaterial.uasset" 315
"../../../Engine/Content/EngineDebugMaterials/M_SimpleUnlitTranslucent.uasset" 316
"../../../Engine/Content/Functions/Engine_MaterialFunctions02/Utility/CameraDirectionVector.uasset" 317
"../../../Engine/Content/EngineDebugMaterials/VolumeToRender.uasset" 318
"../../../Engine/Content/EngineDebugMaterials/M_VolumeRenderSphereTracePP.uasset" 319
"../../../Engine/Content/EngineDebugMaterials/WireframeMaterial.uasset" 320
"../../../Engine/Content/EngineFonts/Faces/DroidSansFallback.uasset" 321
"../../../Engine/Content/EngineFonts/Faces/RobotoBold.uasset" 322
"../../../Engine/Content/EngineFonts/Faces/RobotoBoldItalic.uasset" 323
"../../../Engine/Content/EngineFonts/Faces/RobotoItalic.uasset" 324
"../../../Engine/Content/EngineFonts/Faces/RobotoLight.uasset" 325
"../../../Engine/Content/EngineFonts/Faces/RobotoRegular.uasset" 326
"../../../Engine/Content/EngineFonts/Roboto.uasset" 327
"../../../Engine/Content/EngineMaterials/BaseFlattenDiffuseMap.uasset" 328
"../../../Engine/Content/EngineMaterials/BaseFlattenEmissiveMap.uasset" 329
"../../../Engine/Content/EngineMaterials/BaseFlattenGrayscaleMap.uasset" 330
"../../../Engine/Content/EngineMaterials/BaseFlattenNormalMap.uasset" 331
"../../../Engine/Content/EngineMaterials/BaseFlattenMaterial.uasset" 332
"../../../Engine/Content/EngineMaterials/BlueNoise.uasset" 333
"../../../Engine/Content/EngineMaterials/DefaultBloomKernel.uasset" 334
"../../../Engine/Content/EngineMaterials/DefaultBokeh.uasset" 335
"../../../Engine/Content/EngineMaterials/DefaultDiffuse.uasset" 336
"../../../Engine/Content/EngineMaterials/DefaultDeferredDecalMaterial.uasset" 337
"../../../Engine/Content/EngineMaterials/DefaultLightFunctionMaterial.uasset" 338
"../../../Engine/Content/EngineMaterials/DefaultPhysicalMaterial.uasset" 339
"../../../Engine/Content/Functions/Engine_MaterialFunctions02/Utility/BreakOutFloat2Components.uasset" 340
"../../../Engine/Content/EngineMaterials/DefaultPostProcessMaterial.uasset" 341
"../../../Engine/Content/EngineFonts/RobotoDistanceField.uasset" 342
"../../../Engine/Content/EngineMaterials/DefaultTextMaterialOpaque.uasset" 343
"../../../Engine/Content/EngineMaterials/DefaultWhiteGrid.uasset" 344
"../../../Engine/Content/EngineMaterials/DefaultWhiteGrid_Low.uasset" 345
"../../../Engine/Content/EngineMaterials/EmissiveMeshMaterial.uasset" 346
"../../../Engine/Content/EngineMaterials/GizmoMaterial.uasset" 347
"../../../Engine/Content/EngineMaterials/Good64x64TilingNoiseHighFreq.uasset" 348
"../../../Engine/Content/EngineMaterials/MiniFont.uasset" 349
"../../../Engine/Content/EngineMaterials/InvalidLightmapSettings.uasset" 350
"../../../Engine/Content/EngineMaterials/M_InvalidLightmapSettings.uasset" 351
"../../../Engine/Content/Functions/Engine_MaterialFunctions02/WorldPositionOffset/CameraOffset.uasset" 352
"../../../Engine/Content/EngineMaterials/PhAT_JointLimitMaterial.uasset" 353
"../../../Engine/Content/EngineMaterials/PreintegratedSkinBRDF.uasset" 354
"../../../Engine/Content/EngineMaterials/RemoveSurfaceMaterial.uasset" 355
"../../../Engine/Content/EngineMaterials/WeightMapPlaceholderTexture.uasset" 356
"../../../Engine/Content/EngineResources/WhiteSquareTexture.uasset" 357
"../../../Engine/Content/EngineMaterials/Widget3DPassThrough.uasset" 358
"../../../Engine/Content/EngineMaterials/Widget3DPassThrough_Masked.uasset" 359
"../../../Engine/Content/EngineMaterials/Widget3DPassThrough_Opaque.uasset" 360
"../../../Engine/Content/EngineMaterials/Widget3DPassThrough_Masked_OneSided.uasset" 361
"../../../Engine/Content/EngineMaterials/Widget3DPassThrough_Opaque_OneSided.uasset" 362
"../../../Engine/Content/EngineMaterials/Widget3DPassThrough_Translucent.uasset" 363
"../../../Engine/Content/EngineMaterials/Widget3DPassThrough_Translucent_OneSided.uasset" 364
"../../../Engine/Content/EngineMeshes/Cylinder.uasset" 365
"../../../Engine/Content/EngineMeshes/Sphere.uasset" 366
"../../../Engine/Content/EngineResources/Black.uasset" 367
"../../../Engine/Content/EngineResources/DefaultTexture.uasset" 368
"../../../Engine/Content/EngineResources/DefaultTextureCube.uasset" 369
"../../../Engine/Content/EngineResources/DefaultVolumeTexture2D.uasset" 370
"../../../Engine/Content/EngineResources/DefaultVolumeTexture.uasset" 371
"../../../Engine/Content/EngineResources/GradientTexture0.uasset" 372
"../../../Engine/Content/EngineSounds/Master.uasset" 373
"../../../Engine/Content/Functions/Engine_MaterialFunctions01/Shading/ConvertFromDiffSpec.uasset" 374
"../../../Engine/Content/Functions/Engine_MaterialFunctions01/Shading/PowerToRoughness.uasset" 375
"../../../Engine/Content/Maps/Templates/Thumbnails/Default.uasset" 376
"../../../Engine/Content/Maps/Templates/Thumbnails/TimeOfDay.uasset" 377
"../../../Engine/Content/Maps/Templates/Thumbnails/VR-Basic.uasset" 378
"../../../Engine/Content/MobileResources/T_MobileControls_texture.uasset" 379
"../../../Engine/Content/MobileResources/T_MobileMenu2.uasset" 380
"../../../Engine/Content/MobileResources/HUD/AnalogHat.uasset" 381
"../../../Engine/Content/MobileResources/HUD/VirtualJoystick_Background.uasset" 382
"../../../Engine/Content/MobileResources/HUD/VirtualJoystick_Thumb.uasset" 383
"../../../Engine/Content/MobileResources/HUD/DefaultVirtualJoysticks.uasset" 384
"../../../Engine/Content/MobileResources/HUD/LeftVirtualJoystickOnly.uasset" 385
"../../../Engine/Content/MobileResources/HUD/MobileHUDButton1_off.uasset" 386
"../../../Engine/Content/MobileResources/HUD/MobileHUDButton1_on.uasset" 387
"../../../Engine/Content/MobileResources/HUD/MobileHUDButton2_off.uasset" 388
"../../../Engine/Content/MobileResources/HUD/MobileHUDButton2_on.uasset" 389
"../../../Engine/Content/MobileResources/HUD/MobileHUDButton3.uasset" 390
"../../../Engine/Content/MobileResources/HUD/MobileHUDButtonFire.uasset" 391
"../../../Engine/Content/MobileResources/HUD/MobileHUDDirectionPad.uasset" 392
"../../../Engine/Content/MobileResources/HUD/MobileHUDDirectionPad2.uasset" 393
"../../../Engine/Content/MobileResources/HUD/MobileHUDDirectionPad3.uasset" 394
"../../../Engine/Content/MobileResources/HUD/MobileHUDDirectionStick.uasset" 395
"../../../Engine/Content/MobileResources/HUD/T_Castle_ThumbstickInner.uasset" 396
"../../../Engine/Content/MobileResources/HUD/T_Castle_ThumbstickOutter.uasset" 397
"../../../Engine/Content/Tutorial/ContentIntroCurve.uasset" 398
"../../../Engine/Content/Tutorial/Basics/LevelEditorAttract.uasset" 399
"../../../Engine/Content/Tutorial/BlueprintTutorials/TutorialAssets/Blueprint_64x.uasset" 400
"../../../Engine/Content/Tutorial/BlueprintTutorials/BlueprintEditorTutorial.uasset" 401
"../../../Engine/Content/Tutorial/SubEditors/TutorialAssets/icon_ShowSkeletalMeshes_40x.uasset" 402
"../../../Engine/Content/Tutorial/SubEditors/PersonaAnimBlueprintEditorWalkthrough.uasset" 403
"../../../Engine/Content/VREditor/LaserPointer/VR_LaserPower_01.uasset" 404
"../../../Engine/Content/VREditor/TransformGizmo/TransformGizmoMaterial.uasset" 405
"../../../Engine/Content/VREditor/TransformGizmo/TranslucentTransformGizmoMaterial.uasset" 406
"../../../Engine/Content/VREditor/TransformGizmo/BoundingBoxCorner.uasset" 407
"../../../Engine/Content/VREditor/TransformGizmo/BoundingBoxEdge.uasset" 408
"../../../Engine/Content/VREditor/TransformGizmo/PlaneTranslationHandle.uasset" 409
"../../../Engine/Content/VREditor/TransformGizmo/Main.uasset" 410
"../../../Engine/Content/VREditor/TransformGizmo/Xray.uasset" 411
"../../../Engine/Content/VREditor/TransformGizmo/SM_Sequencer_Key.uasset" 412
"../../../Engine/Content/VREditor/TransformGizmo/SM_Sequencer_Node.uasset" 413
"../../Plugins/2D/Paper2D/Content/DummySprite.uasset" 414
"../../Plugins/2D/Paper2D/Content/DefaultPaperTerrainMaterial.uasset" 415
"../../Plugins/2D/Paper2D/Content/MaskedUnlitSpriteMaterial.uasset" 416
"../../Plugins/2D/Paper2D/Content/OpaqueUnlitSpriteMaterial.uasset" 417
"../../Plugins/FX/Niagara/Content/Enums/ENiagaraBooleanLogicOps.uasset" 418
"../../Plugins/FX/Niagara/Content/Enums/ENiagaraCoordinateSpace.uasset" 419
"../../Plugins/FX/Niagara/Content/Enums/ENiagaraExpansionMode.uasset" 420
"../../Plugins/FX/Niagara/Content/Enums/ENiagaraOrientationAxis.uasset" 421
"../../Plugins/FX/Niagara/Content/Enums/ENiagaraRandomnessMode.uasset" 422
"../../../Engine/Content/Functions/Engine_MaterialFunctions02/Utility/BreakOutFloat4Components.uasset" 423
"../../../Engine/Content/Functions/Engine_MaterialFunctions02/Utility/MakeFloat2.uasset" 424
"../../../Engine/Content/Functions/Engine_MaterialFunctions02/Utility/MakeFloat3.uasset" 425
"../../Plugins/Runtime/Oculus/OculusVR/Content/Materials/OculusMR_ChromaKey.uasset" 426
"../../Plugins/Runtime/Oculus/OculusVR/Content/Materials/OculusMR_ChromaKey_Lit.uasset" 427
"../../Plugins/Runtime/Oculus/OculusVR/Content/Materials/OculusMR_OpaqueColoredMaterial.uasset" 428
"../../Plugins/Runtime/Oculus/OculusVR/Content/Materials/OculusMR_WhiteMaterial.uasset" 429
"C:/Users/misha/Documents/Unreal Projects/DDproj/DD/Content/DD/Core/ProceduralDung/BP_Tiles/BP_FallTile.uasset" 430
"C:/Users/misha/Documents/Unreal Projects/DDproj/DD/Content/DD/Models/Dung/Column_Broken2_ColumnBroken2.uasset" 431
"C:/Users/misha/Documents/Unreal Projects/DDproj/DD/Content/DD/Models/Dung/Column_Broken_ColumnBroken.uasset" 432
"C:/Users/misha/Documents/Unreal Projects/DDproj/DD/Content/DD/Models/Dung/Column_Column.uasset" 433
"C:/Users/misha/Documents/Unreal Projects/DDproj/DD/Content/DD/Core/ProceduralDung/BP_Tiles/BP_PileTile.uasset" 434
"C:/Users/misha/Documents/Unreal Projects/DDproj/DD/Content/DD/Models/Ini/DarkWood_001.uasset" 435
"C:/Users/misha/Documents/Unreal Projects/DDproj/DD/Content/DD/Models/Dung/table.uasset" 436
"C:/Users/misha/Documents/Unreal Projects/DDproj/DD/Content/DD/Core/ProceduralDung/BP_Tiles/parts/Table.uasset" 437
"C:/Users/misha/Documents/Unreal Projects/DDproj/DD/Content/DD/Core/ProceduralDung/BP_Tiles/BP_TableTile.uasset" 438
"C:/Users/misha/Documents/Unreal Projects/DDproj/DD/Content/DD/Core/ProceduralDung/NewProc.uasset" 439
"../../../Engine/Content/BasicShapes/Cube.uasset" 440
"C:/Users/misha/Documents/Unreal Projects/DDproj/DD/Content/DD/Testlvl.umap" 441
"C:/Users/misha/Documents/Unreal Projects/DDproj/DD/Content/DD/Core/Menu/Endgame.uasset" 442
"C:/Users/misha/Documents/Unreal Projects/DDproj/DD/Content/DD/Core/Menu/Death.umap" 443
"C:/Users/misha/Documents/Unreal Projects/DDproj/DD/Content/DD/Core/Menu/LoadingUI.uasset" 444
"C:/Users/misha/Documents/Unreal Projects/DDproj/DD/Content/DD/Core/Menu/LoadingLevel.umap" 445
"C:/Users/misha/Documents/Unreal Projects/DDproj/DD/Content/DD/Core/Menu/LoadingLevel1.umap" 446
"C:/Users/misha/Documents/Unreal Projects/DDproj/DD/Content/DD/Core/Menu/LoadingLevel2.umap" 447
"C:/Users/misha/Documents/Unreal Projects/DDproj/DD/Content/DD/Core/Menu/MainLvl_BuiltData.uasset" 448
"C:/Users/misha/Documents/Unreal Projects/DDproj/DD/Content/DD/Core/Menu/MMenu.uasset" 449
"C:/Users/misha/Documents/Unreal Projects/DDproj/DD/Content/DD/Core/Menu/MainLvl.umap" 450
"C:/Users/misha/Documents/Unreal Projects/DDproj/DD/Content/DD/Core/Menu/Menu.umap" 451
"C:/Users/misha/Documents/Unreal Projects/DDproj/DD/Content/DD/Core/ProceduralDung/ProcMap_BuiltData.uasset" 452
"C:/Users/misha/Documents/Unreal Projects/DDproj/DD/Content/DD/Core/ProceduralDung/ProcMap.umap" 453
"C:/Users/misha/Documents/Unreal Projects/DDproj/DD/Content/DD/Core/ProceduralDung/ProcMap1.umap" 454
"C:/Users/misha/Documents/Unreal Projects/DDproj/DD/Content/DD/Core/ProceduralDung/ProcMap2.umap" 455
"C:/Users/misha/Documents/Unreal Projects/DDproj/DD/Content/DD/Core/ProceduralDung/VisTest.uasset" 456
"C:/Users/misha/Documents/Unreal Projects/DDproj/DD/Content/DD/Core/ProceduralDung/ProcTest.umap" 457
"../../../Engine/Content/EngineSky/C_Sky_Cloud_Color.uasset" 458
"../../../Engine/Content/EngineSky/C_Sky_Horizon_Color.uasset" 459
"../../../Engine/Content/EngineSky/C_Sky_Zenith_Color.uasset" 460
"../../../Engine/Content/EngineSky/T_Sky_Blue.uasset" 461
"../../../Engine/Content/EngineSky/T_Sky_Clouds_M.uasset" 462
"../../../Engine/Content/EngineSky/T_Sky_Stars.uasset" 463
"../../../Engine/Content/EngineSky/M_Sky_Panning_Clouds2.uasset" 464
"../../../Engine/Content/EngineSky/SM_SkySphere.uasset" 465
"../../../Engine/Content/EngineSky/BP_Sky_Sphere.uasset" 466
"C:/Users/misha/Documents/Unreal Projects/DDproj/DD/Content/ThirdPersonBP/Maps/ThirdPersonExampleMap_BuiltData.uasset" 467
"C:/Users/misha/Documents/Unreal Projects/DDproj/DD/Content/Geometry/Meshes/1M_Cube_Chamfer.uasset" 468
"C:/Users/misha/Documents/Unreal Projects/DDproj/DD/Content/Geometry/Meshes/TemplateFloor.uasset" 469
"C:/Users/misha/Documents/Unreal Projects/DDproj/DD/Content/ThirdPerson/Meshes/RampMaterial.uasset" 470
"C:/Users/misha/Documents/Unreal Projects/DDproj/DD/Content/ThirdPerson/Meshes/Bump_StaticMesh.uasset" 471
"C:/Users/misha/Documents/Unreal Projects/DDproj/DD/Content/ThirdPerson/Meshes/LeftArm_StaticMesh.uasset" 472
"C:/Users/misha/Documents/Unreal Projects/DDproj/DD/Content/ThirdPerson/Meshes/Linear_Stair_StaticMesh.uasset" 473
"C:/Users/misha/Documents/Unreal Projects/DDproj/DD/Content/ThirdPerson/Meshes/Ramp_StaticMesh.uasset" 474
"C:/Users/misha/Documents/Unreal Projects/DDproj/DD/Content/ThirdPerson/Meshes/RightArm_StaticMesh.uasset" 475
"C:/Users/misha/Documents/Unreal Projects/DDproj/DD/Content/ThirdPersonBP/Maps/ThirdPersonExampleMap.umap" 476
"../../../Engine/Content/Maps/Entry_BuiltData.uasset" 477
"../../../Engine/Content/Maps/Entry.umap" 478
